[17:21:51] [main/INFO] [GradleStart]: Extra: []
[17:21:52] [main/INFO] [GradleStart]: Running with arguments: [--userProperties, {}, --accessToken, {REDACTED}, --assetIndex, 1.7.10, --assetsDir, /home/ashleah/.gradle/caches/minecraft/assets, --version, 1.7.10, --tweakClass, cpw.mods.fml.common.launcher.FMLTweaker, --tweakClass, net.minecraftforge.gradle.GradleStartCommon$GradleStartTweaker]
[17:21:52] [main/INFO] [LaunchWrapper]: Loading tweak class name cpw.mods.fml.common.launcher.FMLTweaker
[17:21:52] [main/INFO] [LaunchWrapper]: Using primary tweak class name cpw.mods.fml.common.launcher.FMLTweaker
[17:21:52] [main/INFO] [LaunchWrapper]: Loading tweak class name net.minecraftforge.gradle.GradleStartCommon$GradleStartTweaker
[17:21:52] [main/INFO] [LaunchWrapper]: Calling tweak class cpw.mods.fml.common.launcher.FMLTweaker
[17:23:02] [main/INFO] [GradleStart]: username: asyncronous16@gmail.com
[17:23:02] [main/INFO] [GradleStart]: accessToken: modstest
[17:23:02] [main/INFO] [GradleStart]: version: 1.7
[17:23:02] [main/INFO] [GradleStart]: Extra: [--tweakClass, cpw.mods.fml.common.launcher.FMLTweaker]
[17:23:02] [main/INFO] [GradleStart]: Password found, attempting login
[17:23:03] [main/INFO] [GradleStart]: Login Succesful!
[17:23:03] [main/INFO] [GradleStart]: Running with arguments: [--userProperties, {}, --username, Asyncronos, --userPropertiesMap, [], --accessToken, {REDACTED}, --assetIndex, 1.7.10, --uuid, 03f50a12b74c4f9c9c6cdc698bd6595a, --userType, mojang, --assetsDir, /home/ashleah/.gradle/caches/minecraft/assets, --version, 1.7, --tweakClass, cpw.mods.fml.common.launcher.FMLTweaker, --tweakClass, cpw.mods.fml.common.launcher.FMLTweaker, --tweakClass, net.minecraftforge.gradle.GradleStartCommon$GradleStartTweaker]
[17:23:03] [main/INFO] [LaunchWrapper]: Loading tweak class name cpw.mods.fml.common.launcher.FMLTweaker
[17:23:03] [main/INFO] [LaunchWrapper]: Using primary tweak class name cpw.mods.fml.common.launcher.FMLTweaker
[17:23:03] [main/WARN] [LaunchWrapper]: Tweak class name cpw.mods.fml.common.launcher.FMLTweaker has already been visited -- skipping
[17:23:03] [main/INFO] [LaunchWrapper]: Loading tweak class name net.minecraftforge.gradle.GradleStartCommon$GradleStartTweaker
[17:23:03] [main/INFO] [LaunchWrapper]: Calling tweak class cpw.mods.fml.common.launcher.FMLTweaker
[17:24:26] [main/INFO] [GradleStart]: username: CyanideX
[17:24:26] [main/INFO] [GradleStart]: accessToken: modstest
[17:24:26] [main/INFO] [GradleStart]: version: 1.7
[17:24:26] [main/INFO] [GradleStart]: Extra: [--tweakClass, cpw.mods.fml.common.launcher.FMLTweaker]
[17:24:26] [main/INFO] [GradleStart]: Running with arguments: [--userProperties, {}, --username, CyanideX, --accessToken, {REDACTED}, --assetIndex, 1.7.10, --assetsDir, /home/ashleah/.gradle/caches/minecraft/assets, --version, 1.7, --tweakClass, cpw.mods.fml.common.launcher.FMLTweaker, --tweakClass, cpw.mods.fml.common.launcher.FMLTweaker, --tweakClass, net.minecraftforge.gradle.GradleStartCommon$GradleStartTweaker]
[17:24:26] [main/INFO] [LaunchWrapper]: Loading tweak class name cpw.mods.fml.common.launcher.FMLTweaker
[17:24:26] [main/INFO] [LaunchWrapper]: Using primary tweak class name cpw.mods.fml.common.launcher.FMLTweaker
[17:24:26] [main/WARN] [LaunchWrapper]: Tweak class name cpw.mods.fml.common.launcher.FMLTweaker has already been visited -- skipping
[17:24:26] [main/INFO] [LaunchWrapper]: Loading tweak class name net.minecraftforge.gradle.GradleStartCommon$GradleStartTweaker
[17:24:26] [main/INFO] [LaunchWrapper]: Calling tweak class cpw.mods.fml.common.launcher.FMLTweaker
[17:27:13] [main/INFO] [GradleStart]: username: CyanideX
[17:27:13] [main/INFO] [GradleStart]: accessToken: modstest
[17:27:13] [main/INFO] [GradleStart]: version: 1.7
[17:27:13] [main/INFO] [GradleStart]: Extra: [--tweakClass, cpw.mods.fml.common.launcher.FMLTweaker]
[17:27:13] [main/INFO] [GradleStart]: Running with arguments: [--userProperties, {}, --username, CyanideX, --accessToken, {REDACTED}, --assetIndex, 1.7.10, --assetsDir, /home/ashleah/.gradle/caches/minecraft/assets, --version, 1.7, --tweakClass, cpw.mods.fml.common.launcher.FMLTweaker, --tweakClass, cpw.mods.fml.common.launcher.FMLTweaker, --tweakClass, net.minecraftforge.gradle.GradleStartCommon$GradleStartTweaker]
[17:27:13] [main/INFO] [LaunchWrapper]: Loading tweak class name cpw.mods.fml.common.launcher.FMLTweaker
[17:27:13] [main/INFO] [LaunchWrapper]: Using primary tweak class name cpw.mods.fml.common.launcher.FMLTweaker
[17:27:13] [main/WARN] [LaunchWrapper]: Tweak class name cpw.mods.fml.common.launcher.FMLTweaker has already been visited -- skipping
[17:27:13] [main/INFO] [LaunchWrapper]: Loading tweak class name net.minecraftforge.gradle.GradleStartCommon$GradleStartTweaker
[17:27:13] [main/INFO] [LaunchWrapper]: Calling tweak class cpw.mods.fml.common.launcher.FMLTweaker
[17:32:05] [main/INFO] [GradleStart]: username: asyncronous16@gmail.com
[17:32:05] [main/INFO] [GradleStart]: accessToken: modstest
[17:32:05] [main/INFO] [GradleStart]: version: 1.7
[17:32:05] [main/INFO] [GradleStart]: Extra: [--tweakClass, cpw.mods.fml.common.launcher.FMLTweaker]
[17:32:05] [main/INFO] [GradleStart]: Password found, attempting login
[17:32:06] [main/INFO] [GradleStart]: Login Succesful!
[17:32:06] [main/INFO] [GradleStart]: Running with arguments: [--userProperties, {}, --username, Asyncronos, --userPropertiesMap, [], --accessToken, {REDACTED}, --assetIndex, 1.7.10, --uuid, 03f50a12b74c4f9c9c6cdc698bd6595a, --userType, mojang, --assetsDir, /home/ashleah/.gradle/caches/minecraft/assets, --version, 1.7, --tweakClass, cpw.mods.fml.common.launcher.FMLTweaker, --tweakClass, cpw.mods.fml.common.launcher.FMLTweaker, --tweakClass, net.minecraftforge.gradle.GradleStartCommon$GradleStartTweaker]
[17:32:06] [main/INFO] [LaunchWrapper]: Loading tweak class name cpw.mods.fml.common.launcher.FMLTweaker
[17:32:06] [main/INFO] [LaunchWrapper]: Using primary tweak class name cpw.mods.fml.common.launcher.FMLTweaker
[17:32:06] [main/WARN] [LaunchWrapper]: Tweak class name cpw.mods.fml.common.launcher.FMLTweaker has already been visited -- skipping
[17:32:06] [main/INFO] [LaunchWrapper]: Loading tweak class name net.minecraftforge.gradle.GradleStartCommon$GradleStartTweaker
[17:32:06] [main/INFO] [LaunchWrapper]: Calling tweak class cpw.mods.fml.common.launcher.FMLTweaker
[17:32:56] [main/INFO] [GradleStart]: username: CyanideX
[17:32:56] [main/INFO] [GradleStart]: accessToken: modstest
[17:32:56] [main/INFO] [GradleStart]: version: 1.7
[17:32:56] [main/INFO] [GradleStart]: Extra: [--tweakClass, cpw.mods.fml.common.launcher.FMLTweaker]
[17:32:57] [main/INFO] [GradleStart]: Running with arguments: [--userProperties, {}, --username, CyanideX, --accessToken, {REDACTED}, --assetIndex, 1.7.10, --assetsDir, /home/ashleah/.gradle/caches/minecraft/assets, --version, 1.7, --tweakClass, cpw.mods.fml.common.launcher.FMLTweaker, --tweakClass, cpw.mods.fml.common.launcher.FMLTweaker, --tweakClass, net.minecraftforge.gradle.GradleStartCommon$GradleStartTweaker]
[17:32:57] [main/INFO] [LaunchWrapper]: Loading tweak class name cpw.mods.fml.common.launcher.FMLTweaker
[17:32:57] [main/INFO] [LaunchWrapper]: Using primary tweak class name cpw.mods.fml.common.launcher.FMLTweaker
[17:32:57] [main/WARN] [LaunchWrapper]: Tweak class name cpw.mods.fml.common.launcher.FMLTweaker has already been visited -- skipping
[17:32:57] [main/INFO] [LaunchWrapper]: Loading tweak class name net.minecraftforge.gradle.GradleStartCommon$GradleStartTweaker
[17:32:57] [main/INFO] [LaunchWrapper]: Calling tweak class cpw.mods.fml.common.launcher.FMLTweaker
[17:35:25] [main/INFO] [GradleStart]: username: asyncronous16@gmail.com
[17:35:25] [main/INFO] [GradleStart]: accessToken: modstest
[17:35:25] [main/INFO] [GradleStart]: version: 1.7
[17:35:25] [main/INFO] [GradleStart]: Extra: [--tweakClass, cpw.mods.fml.common.launcher.FMLTweaker]
[17:35:25] [main/INFO] [GradleStart]: Password found, attempting login
[17:35:26] [main/INFO] [GradleStart]: Login Succesful!
[17:35:26] [main/INFO] [GradleStart]: Running with arguments: [--userProperties, {}, --username, Asyncronos, --userPropertiesMap, [], --accessToken, {REDACTED}, --assetIndex, 1.7.10, --uuid, 03f50a12b74c4f9c9c6cdc698bd6595a, --userType, mojang, --assetsDir, /home/ashleah/.gradle/caches/minecraft/assets, --version, 1.7, --tweakClass, cpw.mods.fml.common.launcher.FMLTweaker, --tweakClass, cpw.mods.fml.common.launcher.FMLTweaker, --tweakClass, net.minecraftforge.gradle.GradleStartCommon$GradleStartTweaker]
[17:35:26] [main/INFO] [LaunchWrapper]: Loading tweak class name cpw.mods.fml.common.launcher.FMLTweaker
[17:35:26] [main/INFO] [LaunchWrapper]: Using primary tweak class name cpw.mods.fml.common.launcher.FMLTweaker
[17:35:26] [main/WARN] [LaunchWrapper]: Tweak class name cpw.mods.fml.common.launcher.FMLTweaker has already been visited -- skipping
[17:35:26] [main/INFO] [LaunchWrapper]: Loading tweak class name net.minecraftforge.gradle.GradleStartCommon$GradleStartTweaker
[17:35:26] [main/INFO] [LaunchWrapper]: Calling tweak class cpw.mods.fml.common.launcher.FMLTweaker
[17:36:23] [main/INFO] [GradleStart]: username: CyanideX
[17:36:23] [main/INFO] [GradleStart]: accessToken: modstest
[17:36:23] [main/INFO] [GradleStart]: version: 1.7
[17:36:23] [main/INFO] [GradleStart]: Extra: [--tweakClass, cpw.mods.fml.common.launcher.FMLTweaker]
[17:36:23] [main/INFO] [GradleStart]: Running with arguments: [--userProperties, {}, --username, CyanideX, --accessToken, {REDACTED}, --assetIndex, 1.7.10, --assetsDir, /home/ashleah/.gradle/caches/minecraft/assets, --version, 1.7, --tweakClass, cpw.mods.fml.common.launcher.FMLTweaker, --tweakClass, cpw.mods.fml.common.launcher.FMLTweaker, --tweakClass, net.minecraftforge.gradle.GradleStartCommon$GradleStartTweaker]
[17:36:23] [main/INFO] [LaunchWrapper]: Loading tweak class name cpw.mods.fml.common.launcher.FMLTweaker
[17:36:23] [main/INFO] [LaunchWrapper]: Using primary tweak class name cpw.mods.fml.common.launcher.FMLTweaker
[17:36:23] [main/WARN] [LaunchWrapper]: Tweak class name cpw.mods.fml.common.launcher.FMLTweaker has already been visited -- skipping
[17:36:23] [main/INFO] [LaunchWrapper]: Loading tweak class name net.minecraftforge.gradle.GradleStartCommon$GradleStartTweaker
[17:36:23] [main/INFO] [LaunchWrapper]: Calling tweak class cpw.mods.fml.common.launcher.FMLTweaker
[17:56:25] [main/INFO] [GradleStart]: username: asyncronous16@gmail.com
[17:56:25] [main/INFO] [GradleStart]: accessToken: modstest
[17:56:25] [main/INFO] [GradleStart]: version: 1.7
[17:56:25] [main/INFO] [GradleStart]: Extra: [--tweakClass, cpw.mods.fml.common.launcher.FMLTweaker]
[17:56:25] [main/INFO] [GradleStart]: Password found, attempting login
[17:56:26] [main/INFO] [GradleStart]: Login Succesful!
[17:56:26] [main/INFO] [GradleStart]: Running with arguments: [--userProperties, {}, --username, Asyncronos, --userPropertiesMap, [], --accessToken, {REDACTED}, --assetIndex, 1.7.10, --uuid, 03f50a12b74c4f9c9c6cdc698bd6595a, --userType, mojang, --assetsDir, /home/ashleah/.gradle/caches/minecraft/assets, --version, 1.7, --tweakClass, cpw.mods.fml.common.launcher.FMLTweaker, --tweakClass, cpw.mods.fml.common.launcher.FMLTweaker, --tweakClass, net.minecraftforge.gradle.GradleStartCommon$GradleStartTweaker]
[17:56:26] [main/INFO] [LaunchWrapper]: Loading tweak class name cpw.mods.fml.common.launcher.FMLTweaker
[17:56:26] [main/INFO] [LaunchWrapper]: Using primary tweak class name cpw.mods.fml.common.launcher.FMLTweaker
[17:56:26] [main/WARN] [LaunchWrapper]: Tweak class name cpw.mods.fml.common.launcher.FMLTweaker has already been visited -- skipping
[17:56:26] [main/INFO] [LaunchWrapper]: Loading tweak class name net.minecraftforge.gradle.GradleStartCommon$GradleStartTweaker
[17:56:26] [main/INFO] [LaunchWrapper]: Calling tweak class cpw.mods.fml.common.launcher.FMLTweaker
[18:18:07] [main/INFO] [GradleStart]: username: asyncronous16@gmail.com
[18:18:07] [main/INFO] [GradleStart]: accessToken: modstest
[18:18:07] [main/INFO] [GradleStart]: version: 1.7
[18:18:07] [main/INFO] [GradleStart]: Extra: [--tweakClass, cpw.mods.fml.common.launcher.FMLTweaker]
[18:18:07] [main/INFO] [GradleStart]: Password found, attempting login
[18:18:08] [main/INFO] [GradleStart]: Login Succesful!
[18:18:08] [main/INFO] [GradleStart]: Running with arguments: [--userProperties, {}, --username, Asyncronos, --userPropertiesMap, [], --accessToken, {REDACTED}, --assetIndex, 1.7.10, --uuid, 03f50a12b74c4f9c9c6cdc698bd6595a, --userType, mojang, --assetsDir, /home/ashleah/.gradle/caches/minecraft/assets, --version, 1.7, --tweakClass, cpw.mods.fml.common.launcher.FMLTweaker, --tweakClass, cpw.mods.fml.common.launcher.FMLTweaker, --tweakClass, net.minecraftforge.gradle.GradleStartCommon$GradleStartTweaker]
[18:18:08] [main/INFO] [LaunchWrapper]: Loading tweak class name cpw.mods.fml.common.launcher.FMLTweaker
[18:18:08] [main/INFO] [LaunchWrapper]: Using primary tweak class name cpw.mods.fml.common.launcher.FMLTweaker
[18:18:08] [main/WARN] [LaunchWrapper]: Tweak class name cpw.mods.fml.common.launcher.FMLTweaker has already been visited -- skipping
[18:18:08] [main/INFO] [LaunchWrapper]: Loading tweak class name net.minecraftforge.gradle.GradleStartCommon$GradleStartTweaker
[18:18:08] [main/INFO] [LaunchWrapper]: Calling tweak class cpw.mods.fml.common.launcher.FMLTweaker
[18:18:53] [main/INFO] [GradleStart]: username: CyanideX
[18:18:53] [main/INFO] [GradleStart]: accessToken: modstest
[18:18:53] [main/INFO] [GradleStart]: version: 1.7
[18:18:53] [main/INFO] [GradleStart]: Extra: [--tweakClass, cpw.mods.fml.common.launcher.FMLTweaker]
[18:18:54] [main/INFO] [GradleStart]: Running with arguments: [--userProperties, {}, --username, CyanideX, --accessToken, {REDACTED}, --assetIndex, 1.7.10, --assetsDir, /home/ashleah/.gradle/caches/minecraft/assets, --version, 1.7, --tweakClass, cpw.mods.fml.common.launcher.FMLTweaker, --tweakClass, cpw.mods.fml.common.launcher.FMLTweaker, --tweakClass, net.minecraftforge.gradle.GradleStartCommon$GradleStartTweaker]
[18:18:54] [main/INFO] [LaunchWrapper]: Loading tweak class name cpw.mods.fml.common.launcher.FMLTweaker
[18:18:54] [main/INFO] [LaunchWrapper]: Using primary tweak class name cpw.mods.fml.common.launcher.FMLTweaker
[18:18:54] [main/WARN] [LaunchWrapper]: Tweak class name cpw.mods.fml.common.launcher.FMLTweaker has already been visited -- skipping
[18:18:54] [main/INFO] [LaunchWrapper]: Loading tweak class name net.minecraftforge.gradle.GradleStartCommon$GradleStartTweaker
[18:18:54] [main/INFO] [LaunchWrapper]: Calling tweak class cpw.mods.fml.common.launcher.FMLTweaker
[18:21:15] [main/INFO] [GradleStart]: username: asyncronous16@gmail.com
[18:21:15] [main/INFO] [GradleStart]: accessToken: modstest
[18:21:15] [main/INFO] [GradleStart]: version: 1.7
[18:21:15] [main/INFO] [GradleStart]: Extra: [--tweakClass, cpw.mods.fml.common.launcher.FMLTweaker]
[18:21:15] [main/INFO] [GradleStart]: Password found, attempting login
[18:21:16] [main/INFO] [GradleStart]: Login Succesful!
[18:21:16] [main/INFO] [GradleStart]: Running with arguments: [--userProperties, {}, --username, Asyncronos, --userPropertiesMap, [], --accessToken, {REDACTED}, --assetIndex, 1.7.10, --uuid, 03f50a12b74c4f9c9c6cdc698bd6595a, --userType, mojang, --assetsDir, /home/ashleah/.gradle/caches/minecraft/assets, --version, 1.7, --tweakClass, cpw.mods.fml.common.launcher.FMLTweaker, --tweakClass, cpw.mods.fml.common.launcher.FMLTweaker, --tweakClass, net.minecraftforge.gradle.GradleStartCommon$GradleStartTweaker]
[18:21:17] [main/INFO] [LaunchWrapper]: Loading tweak class name cpw.mods.fml.common.launcher.FMLTweaker
[18:21:17] [main/INFO] [LaunchWrapper]: Using primary tweak class name cpw.mods.fml.common.launcher.FMLTweaker
[18:21:17] [main/WARN] [LaunchWrapper]: Tweak class name cpw.mods.fml.common.launcher.FMLTweaker has already been visited -- skipping
[18:21:17] [main/INFO] [LaunchWrapper]: Loading tweak class name net.minecraftforge.gradle.GradleStartCommon$GradleStartTweaker
[18:21:17] [main/INFO] [LaunchWrapper]: Calling tweak class cpw.mods.fml.common.launcher.FMLTweaker
[18:22:33] [main/INFO] [GradleStart]: username: asyncronous16@gmail.com
[18:22:33] [main/INFO] [GradleStart]: accessToken: modstest
[18:22:33] [main/INFO] [GradleStart]: version: 1.7
[18:22:33] [main/INFO] [GradleStart]: Extra: [--tweakClass, cpw.mods.fml.common.launcher.FMLTweaker]
[18:22:33] [main/INFO] [GradleStart]: Password found, attempting login
[18:22:34] [main/INFO] [GradleStart]: Login Succesful!
[18:22:34] [main/INFO] [GradleStart]: Running with arguments: [--userProperties, {}, --username, Asyncronos, --userPropertiesMap, [], --accessToken, {REDACTED}, --assetIndex, 1.7.10, --uuid, 03f50a12b74c4f9c9c6cdc698bd6595a, --userType, mojang, --assetsDir, /home/ashleah/.gradle/caches/minecraft/assets, --version, 1.7, --tweakClass, cpw.mods.fml.common.launcher.FMLTweaker, --tweakClass, cpw.mods.fml.common.launcher.FMLTweaker, --tweakClass, net.minecraftforge.gradle.GradleStartCommon$GradleStartTweaker]
[18:22:34] [main/INFO] [LaunchWrapper]: Loading tweak class name cpw.mods.fml.common.launcher.FMLTweaker
[18:22:34] [main/INFO] [LaunchWrapper]: Using primary tweak class name cpw.mods.fml.common.launcher.FMLTweaker
[18:22:34] [main/WARN] [LaunchWrapper]: Tweak class name cpw.mods.fml.common.launcher.FMLTweaker has already been visited -- skipping
[18:22:34] [main/INFO] [LaunchWrapper]: Loading tweak class name net.minecraftforge.gradle.GradleStartCommon$GradleStartTweaker
[18:22:34] [main/INFO] [LaunchWrapper]: Calling tweak class cpw.mods.fml.common.launcher.FMLTweaker
[18:23:57] [main/INFO] [GradleStart]: username: asyncronous16@gmail.com
[18:23:57] [main/INFO] [GradleStart]: accessToken: modstest
[18:23:57] [main/INFO] [GradleStart]: version: 1.7
[18:23:57] [main/INFO] [GradleStart]: Extra: [--tweakClass, cpw.mods.fml.common.launcher.FMLTweaker]
[18:23:57] [main/INFO] [GradleStart]: Password found, attempting login
[18:23:58] [main/INFO] [GradleStart]: Login Succesful!
[18:23:59] [main/INFO] [GradleStart]: Running with arguments: [--userProperties, {}, --username, Asyncronos, --userPropertiesMap, [], --accessToken, {REDACTED}, --assetIndex, 1.7.10, --uuid, 03f50a12b74c4f9c9c6cdc698bd6595a, --userType, mojang, --assetsDir, /home/ashleah/.gradle/caches/minecraft/assets, --version, 1.7, --tweakClass, cpw.mods.fml.common.launcher.FMLTweaker, --tweakClass, cpw.mods.fml.common.launcher.FMLTweaker, --tweakClass, net.minecraftforge.gradle.GradleStartCommon$GradleStartTweaker]
[18:23:59] [main/INFO] [LaunchWrapper]: Loading tweak class name cpw.mods.fml.common.launcher.FMLTweaker
[18:23:59] [main/INFO] [LaunchWrapper]: Using primary tweak class name cpw.mods.fml.common.launcher.FMLTweaker
[18:23:59] [main/WARN] [LaunchWrapper]: Tweak class name cpw.mods.fml.common.launcher.FMLTweaker has already been visited -- skipping
[18:23:59] [main/INFO] [LaunchWrapper]: Loading tweak class name net.minecraftforge.gradle.GradleStartCommon$GradleStartTweaker
[18:23:59] [main/INFO] [LaunchWrapper]: Calling tweak class cpw.mods.fml.common.launcher.FMLTweaker
[18:26:50] [main/INFO] [GradleStart]: username: asyncronous16@gmail.com
[18:26:50] [main/INFO] [GradleStart]: accessToken: modstest
[18:26:50] [main/INFO] [GradleStart]: version: 1.7
[18:26:50] [main/INFO] [GradleStart]: Extra: [--tweakClass, cpw.mods.fml.common.launcher.FMLTweaker]
[18:26:50] [main/INFO] [GradleStart]: Password found, attempting login
[18:26:51] [main/INFO] [GradleStart]: Login Succesful!
[18:26:51] [main/INFO] [GradleStart]: Running with arguments: [--userProperties, {}, --username, Asyncronos, --userPropertiesMap, [], --accessToken, {REDACTED}, --assetIndex, 1.7.10, --uuid, 03f50a12b74c4f9c9c6cdc698bd6595a, --userType, mojang, --assetsDir, /home/ashleah/.gradle/caches/minecraft/assets, --version, 1.7, --tweakClass, cpw.mods.fml.common.launcher.FMLTweaker, --tweakClass, cpw.mods.fml.common.launcher.FMLTweaker, --tweakClass, net.minecraftforge.gradle.GradleStartCommon$GradleStartTweaker]
[18:26:51] [main/INFO] [LaunchWrapper]: Loading tweak class name cpw.mods.fml.common.launcher.FMLTweaker
[18:26:51] [main/INFO] [LaunchWrapper]: Using primary tweak class name cpw.mods.fml.common.launcher.FMLTweaker
[18:26:51] [main/WARN] [LaunchWrapper]: Tweak class name cpw.mods.fml.common.launcher.FMLTweaker has already been visited -- skipping
[18:26:51] [main/INFO] [LaunchWrapper]: Loading tweak class name net.minecraftforge.gradle.GradleStartCommon$GradleStartTweaker
[18:26:51] [main/INFO] [LaunchWrapper]: Calling tweak class cpw.mods.fml.common.launcher.FMLTweaker
[18:28:51] [main/INFO] [GradleStart]: username: asyncronous16@gmail.com
[18:28:51] [main/INFO] [GradleStart]: accessToken: modstest
[18:28:51] [main/INFO] [GradleStart]: version: 1.7
[18:28:51] [main/INFO] [GradleStart]: Extra: [--tweakClass, cpw.mods.fml.common.launcher.FMLTweaker]
[18:28:51] [main/INFO] [GradleStart]: Password found, attempting login
[18:28:52] [main/INFO] [GradleStart]: Login Succesful!
[18:28:52] [main/INFO] [GradleStart]: Running with arguments: [--userProperties, {}, --username, Asyncronos, --userPropertiesMap, [], --accessToken, {REDACTED}, --assetIndex, 1.7.10, --uuid, 03f50a12b74c4f9c9c6cdc698bd6595a, --userType, mojang, --assetsDir, /home/ashleah/.gradle/caches/minecraft/assets, --version, 1.7, --tweakClass, cpw.mods.fml.common.launcher.FMLTweaker, --tweakClass, cpw.mods.fml.common.launcher.FMLTweaker, --tweakClass, net.minecraftforge.gradle.GradleStartCommon$GradleStartTweaker]
[18:28:53] [main/INFO] [LaunchWrapper]: Loading tweak class name cpw.mods.fml.common.launcher.FMLTweaker
[18:28:53] [main/INFO] [LaunchWrapper]: Using primary tweak class name cpw.mods.fml.common.launcher.FMLTweaker
[18:28:53] [main/WARN] [LaunchWrapper]: Tweak class name cpw.mods.fml.common.launcher.FMLTweaker has already been visited -- skipping
[18:28:53] [main/INFO] [LaunchWrapper]: Loading tweak class name net.minecraftforge.gradle.GradleStartCommon$GradleStartTweaker
[18:28:53] [main/INFO] [LaunchWrapper]: Calling tweak class cpw.mods.fml.common.launcher.FMLTweaker
[18:29:34] [main/INFO] [GradleStart]: username: CyanideX
[18:29:34] [main/INFO] [GradleStart]: accessToken: modstest
[18:29:34] [main/INFO] [GradleStart]: version: 1.7
[18:29:34] [main/INFO] [GradleStart]: Extra: [--tweakClass, cpw.mods.fml.common.launcher.FMLTweaker]
[18:29:35] [main/INFO] [GradleStart]: Running with arguments: [--userProperties, {}, --username, CyanideX, --accessToken, {REDACTED}, --assetIndex, 1.7.10, --assetsDir, /home/ashleah/.gradle/caches/minecraft/assets, --version, 1.7, --tweakClass, cpw.mods.fml.common.launcher.FMLTweaker, --tweakClass, cpw.mods.fml.common.launcher.FMLTweaker, --tweakClass, net.minecraftforge.gradle.GradleStartCommon$GradleStartTweaker]
[18:29:35] [main/INFO] [LaunchWrapper]: Loading tweak class name cpw.mods.fml.common.launcher.FMLTweaker
[18:29:35] [main/INFO] [LaunchWrapper]: Using primary tweak class name cpw.mods.fml.common.launcher.FMLTweaker
[18:29:35] [main/WARN] [LaunchWrapper]: Tweak class name cpw.mods.fml.common.launcher.FMLTweaker has already been visited -- skipping
[18:29:35] [main/INFO] [LaunchWrapper]: Loading tweak class name net.minecraftforge.gradle.GradleStartCommon$GradleStartTweaker
[18:29:35] [main/INFO] [LaunchWrapper]: Calling tweak class cpw.mods.fml.common.launcher.FMLTweaker
[18:31:27] [main/INFO] [GradleStart]: username: CyanideX
[18:31:27] [main/INFO] [GradleStart]: accessToken: modstest
[18:31:27] [main/INFO] [GradleStart]: version: 1.7
[18:31:27] [main/INFO] [GradleStart]: Extra: [--tweakClass, cpw.mods.fml.common.launcher.FMLTweaker]
[18:31:28] [main/INFO] [GradleStart]: Running with arguments: [--userProperties, {}, --username, CyanideX, --accessToken, {REDACTED}, --assetIndex, 1.7.10, --assetsDir, /home/ashleah/.gradle/caches/minecraft/assets, --version, 1.7, --tweakClass, cpw.mods.fml.common.launcher.FMLTweaker, --tweakClass, cpw.mods.fml.common.launcher.FMLTweaker, --tweakClass, net.minecraftforge.gradle.GradleStartCommon$GradleStartTweaker]
[18:31:28] [main/INFO] [LaunchWrapper]: Loading tweak class name cpw.mods.fml.common.launcher.FMLTweaker
[18:31:28] [main/INFO] [LaunchWrapper]: Using primary tweak class name cpw.mods.fml.common.launcher.FMLTweaker
[18:31:28] [main/WARN] [LaunchWrapper]: Tweak class name cpw.mods.fml.common.launcher.FMLTweaker has already been visited -- skipping
[18:31:28] [main/INFO] [LaunchWrapper]: Loading tweak class name net.minecraftforge.gradle.GradleStartCommon$GradleStartTweaker
[18:31:28] [main/INFO] [LaunchWrapper]: Calling tweak class cpw.mods.fml.common.launcher.FMLTweaker
[18:31:35] [main/INFO] [GradleStart]: username: CyanideX
[18:31:35] [main/INFO] [GradleStart]: accessToken: modstest
[18:31:35] [main/INFO] [GradleStart]: version: 1.7
[18:31:35] [main/INFO] [GradleStart]: Extra: [--tweakClass, cpw.mods.fml.common.launcher.FMLTweaker]
[18:31:35] [main/INFO] [GradleStart]: Running with arguments: [--userProperties, {}, --username, CyanideX, --accessToken, {REDACTED}, --assetIndex, 1.7.10, --assetsDir, /home/ashleah/.gradle/caches/minecraft/assets, --version, 1.7, --tweakClass, cpw.mods.fml.common.launcher.FMLTweaker, --tweakClass, cpw.mods.fml.common.launcher.FMLTweaker, --tweakClass, net.minecraftforge.gradle.GradleStartCommon$GradleStartTweaker]
[18:31:35] [main/INFO] [LaunchWrapper]: Loading tweak class name cpw.mods.fml.common.launcher.FMLTweaker
[18:31:35] [main/INFO] [LaunchWrapper]: Using primary tweak class name cpw.mods.fml.common.launcher.FMLTweaker
[18:31:35] [main/WARN] [LaunchWrapper]: Tweak class name cpw.mods.fml.common.launcher.FMLTweaker has already been visited -- skipping
[18:31:35] [main/INFO] [LaunchWrapper]: Loading tweak class name net.minecraftforge.gradle.GradleStartCommon$GradleStartTweaker
[18:31:35] [main/INFO] [LaunchWrapper]: Calling tweak class cpw.mods.fml.common.launcher.FMLTweaker
[18:31:45] [main/INFO] [GradleStart]: username: asyncronous16@gmail.com
[18:31:45] [main/INFO] [GradleStart]: accessToken: modstest
[18:31:45] [main/INFO] [GradleStart]: version: 1.7
[18:31:45] [main/INFO] [GradleStart]: Extra: [--tweakClass, cpw.mods.fml.common.launcher.FMLTweaker]
[18:31:45] [main/INFO] [GradleStart]: Password found, attempting login
[18:31:47] [main/INFO] [GradleStart]: Login Succesful!
[18:31:47] [main/INFO] [GradleStart]: Running with arguments: [--userProperties, {}, --username, Asyncronos, --userPropertiesMap, [], --accessToken, {REDACTED}, --assetIndex, 1.7.10, --uuid, 03f50a12b74c4f9c9c6cdc698bd6595a, --userType, mojang, --assetsDir, /home/ashleah/.gradle/caches/minecraft/assets, --version, 1.7, --tweakClass, cpw.mods.fml.common.launcher.FMLTweaker, --tweakClass, cpw.mods.fml.common.launcher.FMLTweaker, --tweakClass, net.minecraftforge.gradle.GradleStartCommon$GradleStartTweaker]
[18:31:47] [main/INFO] [LaunchWrapper]: Loading tweak class name cpw.mods.fml.common.launcher.FMLTweaker
[18:31:47] [main/INFO] [LaunchWrapper]: Using primary tweak class name cpw.mods.fml.common.launcher.FMLTweaker
[18:31:47] [main/WARN] [LaunchWrapper]: Tweak class name cpw.mods.fml.common.launcher.FMLTweaker has already been visited -- skipping
[18:31:47] [main/INFO] [LaunchWrapper]: Loading tweak class name net.minecraftforge.gradle.GradleStartCommon$GradleStartTweaker
[18:31:47] [main/INFO] [LaunchWrapper]: Calling tweak class cpw.mods.fml.common.launcher.FMLTweaker
[18:32:53] [main/INFO] [GradleStart]: username: CyanideX
[18:32:53] [main/INFO] [GradleStart]: accessToken: modstest
[18:32:53] [main/INFO] [GradleStart]: version: 1.7
[18:32:53] [main/INFO] [GradleStart]: Extra: [--tweakClass, cpw.mods.fml.common.launcher.FMLTweaker]
[18:32:53] [main/INFO] [GradleStart]: Running with arguments: [--userProperties, {}, --username, CyanideX, --accessToken, {REDACTED}, --assetIndex, 1.7.10, --assetsDir, /home/ashleah/.gradle/caches/minecraft/assets, --version, 1.7, --tweakClass, cpw.mods.fml.common.launcher.FMLTweaker, --tweakClass, cpw.mods.fml.common.launcher.FMLTweaker, --tweakClass, net.minecraftforge.gradle.GradleStartCommon$GradleStartTweaker]
[18:32:54] [main/INFO] [LaunchWrapper]: Loading tweak class name cpw.mods.fml.common.launcher.FMLTweaker
[18:32:54] [main/INFO] [LaunchWrapper]: Using primary tweak class name cpw.mods.fml.common.launcher.FMLTweaker
[18:32:54] [main/WARN] [LaunchWrapper]: Tweak class name cpw.mods.fml.common.launcher.FMLTweaker has already been visited -- skipping
[18:32:54] [main/INFO] [LaunchWrapper]: Loading tweak class name net.minecraftforge.gradle.GradleStartCommon$GradleStartTweaker
[18:32:54] [main/INFO] [LaunchWrapper]: Calling tweak class cpw.mods.fml.common.launcher.FMLTweaker
[18:35:22] [main/INFO] [GradleStart]: username: asyncronous16@gmail.com
[18:35:22] [main/INFO] [GradleStart]: accessToken: modstest
[18:35:22] [main/INFO] [GradleStart]: version: 1.7
[18:35:22] [main/INFO] [GradleStart]: Extra: [--tweakClass, cpw.mods.fml.common.launcher.FMLTweaker]
[18:35:22] [main/INFO] [GradleStart]: Password found, attempting login
[18:35:23] [main/INFO] [GradleStart]: Login Succesful!
[18:35:23] [main/INFO] [GradleStart]: Running with arguments: [--userProperties, {}, --username, Asyncronos, --userPropertiesMap, [], --accessToken, {REDACTED}, --assetIndex, 1.7.10, --uuid, 03f50a12b74c4f9c9c6cdc698bd6595a, --userType, mojang, --assetsDir, /home/ashleah/.gradle/caches/minecraft/assets, --version, 1.7, --tweakClass, cpw.mods.fml.common.launcher.FMLTweaker, --tweakClass, cpw.mods.fml.common.launcher.FMLTweaker, --tweakClass, net.minecraftforge.gradle.GradleStartCommon$GradleStartTweaker]
[18:35:23] [main/INFO] [LaunchWrapper]: Loading tweak class name cpw.mods.fml.common.launcher.FMLTweaker
[18:35:23] [main/INFO] [LaunchWrapper]: Using primary tweak class name cpw.mods.fml.common.launcher.FMLTweaker
[18:35:23] [main/WARN] [LaunchWrapper]: Tweak class name cpw.mods.fml.common.launcher.FMLTweaker has already been visited -- skipping
[18:35:23] [main/INFO] [LaunchWrapper]: Loading tweak class name net.minecraftforge.gradle.GradleStartCommon$GradleStartTweaker
[18:35:23] [main/INFO] [LaunchWrapper]: Calling tweak class cpw.mods.fml.common.launcher.FMLTweaker
